{"/Users/mosam.sebdani/code/vue/vue-resume/src/main.js": {"path":"/Users/mosam.sebdani/code/vue/vue-resume/src/main.js","statementMap":{"0":{"start":{"line":4,"column":0},"end":{"line":4,"column":33}},"1":{"start":{"line":6,"column":0},"end":{"line":8,"column":18}},"2":{"start":{"line":7,"column":15},"end":{"line":7,"column":21}}},"fnMap":{"0":{"name":"(anonymous_0)","decl":{"start":{"line":7,"column":10},"end":{"line":7,"column":11}},"loc":{"start":{"line":7,"column":15},"end":{"line":7,"column":21}},"line":7}},"branchMap":{},"s":{"0":0,"1":0,"2":0},"f":{"0":0},"b":{},"hash":"bfdc261cbeacdffa5ead4983ff502d7af5e77286"}
,"/Users/mosam.sebdani/code/vue/vue-resume/src/functions/navigateOptions.js": {"path":"/Users/mosam.sebdani/code/vue/vue-resume/src/functions/navigateOptions.js","statementMap":{"0":{"start":{"line":13,"column":17},"end":{"line":19,"column":1}},"1":{"start":{"line":14,"column":23},"end":{"line":14,"column":64}},"2":{"start":{"line":16,"column":2},"end":{"line":16,"column":47}},"3":{"start":{"line":16,"column":20},"end":{"line":16,"column":47}},"4":{"start":{"line":17,"column":2},"end":{"line":17,"column":48}},"5":{"start":{"line":17,"column":22},"end":{"line":17,"column":48}},"6":{"start":{"line":18,"column":2},"end":{"line":18,"column":17}},"7":{"start":{"line":21,"column":20},"end":{"line":31,"column":1}},"8":{"start":{"line":23,"column":16},"end":{"line":23,"column":30}},"9":{"start":{"line":24,"column":2},"end":{"line":29,"column":3}},"10":{"start":{"line":24,"column":14},"end":{"line":24,"column":19}},"11":{"start":{"line":25,"column":4},"end":{"line":28,"column":5}},"12":{"start":{"line":26,"column":6},"end":{"line":26,"column":25}},"13":{"start":{"line":27,"column":6},"end":{"line":27,"column":11}},"14":{"start":{"line":30,"column":2},"end":{"line":30,"column":24}},"15":{"start":{"line":33,"column":22},"end":{"line":42,"column":1}},"16":{"start":{"line":35,"column":16},"end":{"line":35,"column":30}},"17":{"start":{"line":36,"column":2},"end":{"line":41,"column":3}},"18":{"start":{"line":36,"column":14},"end":{"line":36,"column":19}},"19":{"start":{"line":37,"column":4},"end":{"line":40,"column":5}},"20":{"start":{"line":38,"column":6},"end":{"line":38,"column":25}},"21":{"start":{"line":39,"column":6},"end":{"line":39,"column":11}},"22":{"start":{"line":44,"column":15},"end":{"line":68,"column":1}},"23":{"start":{"line":45,"column":2},"end":{"line":48,"column":3}},"24":{"start":{"line":46,"column":18},"end":{"line":46,"column":68}},"25":{"start":{"line":46,"column":51},"end":{"line":46,"column":67}},"26":{"start":{"line":47,"column":4},"end":{"line":47,"column":52}},"27":{"start":{"line":49,"column":2},"end":{"line":53,"column":3}},"28":{"start":{"line":51,"column":6},"end":{"line":51,"column":102}},"29":{"start":{"line":51,"column":85},"end":{"line":51,"column":101}},"30":{"start":{"line":52,"column":4},"end":{"line":52,"column":52}},"31":{"start":{"line":54,"column":25},"end":{"line":54,"column":52}},"32":{"start":{"line":56,"column":2},"end":{"line":56,"column":74}},"33":{"start":{"line":56,"column":31},"end":{"line":56,"column":74}},"34":{"start":{"line":57,"column":2},"end":{"line":66,"column":3}},"35":{"start":{"line":59,"column":4},"end":{"line":61,"column":5}},"36":{"start":{"line":60,"column":6},"end":{"line":60,"column":38}},"37":{"start":{"line":62,"column":4},"end":{"line":64,"column":5}},"38":{"start":{"line":63,"column":6},"end":{"line":63,"column":40}},"39":{"start":{"line":65,"column":4},"end":{"line":65,"column":61}},"40":{"start":{"line":65,"column":25},"end":{"line":65,"column":61}}},"fnMap":{"0":{"name":"(anonymous_0)","decl":{"start":{"line":13,"column":17},"end":{"line":13,"column":18}},"loc":{"start":{"line":13,"column":24},"end":{"line":19,"column":1}},"line":13},"1":{"name":"(anonymous_1)","decl":{"start":{"line":21,"column":20},"end":{"line":21,"column":21}},"loc":{"start":{"line":21,"column":26},"end":{"line":31,"column":1}},"line":21},"2":{"name":"(anonymous_2)","decl":{"start":{"line":33,"column":22},"end":{"line":33,"column":23}},"loc":{"start":{"line":33,"column":28},"end":{"line":42,"column":1}},"line":33},"3":{"name":"(anonymous_3)","decl":{"start":{"line":44,"column":15},"end":{"line":44,"column":16}},"loc":{"start":{"line":44,"column":22},"end":{"line":68,"column":1}},"line":44},"4":{"name":"(anonymous_4)","decl":{"start":{"line":46,"column":41},"end":{"line":46,"column":42}},"loc":{"start":{"line":46,"column":51},"end":{"line":46,"column":67}},"line":46},"5":{"name":"(anonymous_5)","decl":{"start":{"line":51,"column":75},"end":{"line":51,"column":76}},"loc":{"start":{"line":51,"column":85},"end":{"line":51,"column":101}},"line":51}},"branchMap":{"0":{"loc":{"start":{"line":16,"column":2},"end":{"line":16,"column":47}},"type":"if","locations":[{"start":{"line":16,"column":2},"end":{"line":16,"column":47}},{"start":{"line":16,"column":2},"end":{"line":16,"column":47}}],"line":16},"1":{"loc":{"start":{"line":17,"column":2},"end":{"line":17,"column":48}},"type":"if","locations":[{"start":{"line":17,"column":2},"end":{"line":17,"column":48}},{"start":{"line":17,"column":2},"end":{"line":17,"column":48}}],"line":17},"2":{"loc":{"start":{"line":25,"column":4},"end":{"line":28,"column":5}},"type":"if","locations":[{"start":{"line":25,"column":4},"end":{"line":28,"column":5}},{"start":{"line":25,"column":4},"end":{"line":28,"column":5}}],"line":25},"3":{"loc":{"start":{"line":37,"column":4},"end":{"line":40,"column":5}},"type":"if","locations":[{"start":{"line":37,"column":4},"end":{"line":40,"column":5}},{"start":{"line":37,"column":4},"end":{"line":40,"column":5}}],"line":37},"4":{"loc":{"start":{"line":45,"column":2},"end":{"line":48,"column":3}},"type":"if","locations":[{"start":{"line":45,"column":2},"end":{"line":48,"column":3}},{"start":{"line":45,"column":2},"end":{"line":48,"column":3}}],"line":45},"5":{"loc":{"start":{"line":49,"column":2},"end":{"line":53,"column":3}},"type":"if","locations":[{"start":{"line":49,"column":2},"end":{"line":53,"column":3}},{"start":{"line":49,"column":2},"end":{"line":53,"column":3}}],"line":49},"6":{"loc":{"start":{"line":56,"column":2},"end":{"line":56,"column":74}},"type":"if","locations":[{"start":{"line":56,"column":2},"end":{"line":56,"column":74}},{"start":{"line":56,"column":2},"end":{"line":56,"column":74}}],"line":56},"7":{"loc":{"start":{"line":57,"column":2},"end":{"line":66,"column":3}},"type":"if","locations":[{"start":{"line":57,"column":2},"end":{"line":66,"column":3}},{"start":{"line":57,"column":2},"end":{"line":66,"column":3}}],"line":57},"8":{"loc":{"start":{"line":59,"column":4},"end":{"line":61,"column":5}},"type":"if","locations":[{"start":{"line":59,"column":4},"end":{"line":61,"column":5}},{"start":{"line":59,"column":4},"end":{"line":61,"column":5}}],"line":59},"9":{"loc":{"start":{"line":62,"column":4},"end":{"line":64,"column":5}},"type":"if","locations":[{"start":{"line":62,"column":4},"end":{"line":64,"column":5}},{"start":{"line":62,"column":4},"end":{"line":64,"column":5}}],"line":62},"10":{"loc":{"start":{"line":65,"column":4},"end":{"line":65,"column":61}},"type":"if","locations":[{"start":{"line":65,"column":4},"end":{"line":65,"column":61}},{"start":{"line":65,"column":4},"end":{"line":65,"column":61}}],"line":65}},"s":{"0":0,"1":0,"2":0,"3":0,"4":0,"5":0,"6":0,"7":0,"8":0,"9":0,"10":0,"11":0,"12":0,"13":0,"14":0,"15":0,"16":0,"17":0,"18":0,"19":0,"20":0,"21":0,"22":0,"23":0,"24":0,"25":0,"26":0,"27":0,"28":0,"29":0,"30":0,"31":0,"32":0,"33":0,"34":0,"35":0,"36":0,"37":0,"38":0,"39":0,"40":0},"f":{"0":0,"1":0,"2":0,"3":0,"4":0,"5":0},"b":{"0":[0,0],"1":[0,0],"2":[0,0],"3":[0,0],"4":[0,0],"5":[0,0],"6":[0,0],"7":[0,0],"8":[0,0],"9":[0,0],"10":[0,0]},"hash":"cc3c87884e3cc21a4d95123dcb231066e4bb1ef9"}
,"/Users/mosam.sebdani/code/vue/vue-resume/src/functions/validators.js": {"path":"/Users/mosam.sebdani/code/vue/vue-resume/src/functions/validators.js","statementMap":{},"fnMap":{},"branchMap":{},"s":{},"f":{},"b":{},"hash":"ad8670bdf6a9fa3ae18c326045f0c4fdd5f42802"}
}
